TN:
SF:src/modules/appointments/services/CreateAppointmentService.ts
FN:45,__decorate
FN:45,__metadata
FN:45,__param
FN:45,__awaiter
FN:45,adopt
FN:45,fulfilled
FN:45,rejected
FN:45,step
FN:45,__generator
FN:45,sent
FN:45,g.<computed>
FN:45,verb
FN:45,step
FN:45,__importDefault
FN:17,CreateAppointmentService
FN:24,CreateAppointmentService.execute
FNF:16
FNH:14
FNDA:1,__decorate
FNDA:1,__metadata
FNDA:1,__param
FNDA:3,__awaiter
FNDA:3,adopt
FNDA:3,fulfilled
FNDA:0,rejected
FNDA:5,step
FNDA:3,__generator
FNDA:3,sent
FNDA:0,g.<computed>
FNDA:9,verb
FNDA:6,step
FNDA:1,__importDefault
FNDA:2,CreateAppointmentService
FNDA:3,CreateAppointmentService.execute
DA:1,1
DA:2,1
DA:3,1
DA:4,1
DA:5,1
DA:6,1
DA:7,1
DA:8,1
DA:9,1
DA:10,1
DA:11,1
DA:12,1
DA:13,1
DA:14,1
DA:15,1
DA:16,1
DA:17,1
DA:18,2
DA:19,2
DA:20,2
DA:21,2
DA:22,2
DA:23,1
DA:24,1
DA:25,3
DA:26,3
DA:27,3
DA:28,3
DA:29,3
DA:30,3
DA:31,3
DA:32,3
DA:33,1
DA:34,1
DA:35,2
DA:36,2
DA:37,2
DA:38,2
DA:39,2
DA:40,2
DA:41,2
DA:42,3
DA:43,1
DA:44,1
DA:45,1
LF:45
LH:45
BRDA:45,0,0,1
BRDA:45,1,0,1
BRDA:45,2,0,0
BRDA:45,3,0,0
BRDA:45,4,0,0
BRDA:45,5,0,0
BRDA:45,6,0,1
BRDA:45,7,0,1
BRDA:45,8,0,1
BRDA:45,9,0,3
BRDA:45,10,0,3
BRDA:45,11,0,0
BRDA:45,12,0,3
BRDA:45,13,0,3
BRDA:45,14,0,1
BRDA:45,15,0,5
BRDA:45,16,0,2
BRDA:45,17,0,3
BRDA:45,18,0,3
BRDA:45,19,0,3
BRDA:45,20,0,0
BRDA:45,21,0,9
BRDA:45,22,0,6
BRDA:45,23,0,6
BRDA:45,24,0,0
BRDA:45,25,0,12
BRDA:45,26,0,0
BRDA:45,27,0,0
BRDA:45,28,0,0
BRDA:45,29,0,0
BRDA:45,30,0,6
BRDA:45,31,0,6
BRDA:45,32,0,3
BRDA:45,33,0,0
BRDA:45,34,0,0
BRDA:45,35,0,3
BRDA:45,36,0,0
BRDA:45,37,0,2
BRDA:45,38,0,0
BRDA:45,39,0,0
BRDA:45,40,0,0
BRDA:45,41,0,0
BRDA:45,42,0,6
BRDA:45,43,0,1
BRDA:45,44,0,6
BRDA:45,45,0,3
BRDA:45,46,0,1
BRDA:45,47,0,2
BRDA:45,48,0,0
BRDA:45,49,0,1
BRDA:45,50,0,0
BRDA:14,51,0,1
BRDA:17,52,0,2
BRDA:24,53,0,3
BRDA:45,54,0,3
BRDA:45,55,0,6
BRDA:45,56,0,3
BRDA:45,57,0,3
BRDA:32,58,0,1
BRDA:34,59,0,2
BRF:60
BRH:40
end_of_record
TN:
SF:src/modules/user/services/AuthenticateUserService.ts
FN:69,__decorate
FN:69,__metadata
FN:69,__param
FN:69,__awaiter
FN:69,adopt
FN:69,fulfilled
FN:69,rejected
FN:69,step
FN:69,__generator
FN:69,sent
FN:69,g.<computed>
FN:69,verb
FN:69,step
FN:69,__importDefault
FN:26,AuthenticateUserService
FN:37,AuthenticateUserService.execute
FNF:16
FNH:14
FNDA:1,__decorate
FNDA:1,__metadata
FNDA:2,__param
FNDA:3,__awaiter
FNDA:5,adopt
FNDA:5,fulfilled
FNDA:0,rejected
FNDA:6,step
FNDA:3,__generator
FNDA:5,sent
FNDA:0,g.<computed>
FNDA:9,verb
FNDA:8,step
FNDA:2,__importDefault
FNDA:3,AuthenticateUserService
FNDA:3,AuthenticateUserService.execute
DA:1,1
DA:2,1
DA:3,1
DA:4,1
DA:5,1
DA:6,1
DA:7,1
DA:8,1
DA:9,1
DA:10,1
DA:11,1
DA:12,1
DA:13,1
DA:14,1
DA:15,1
DA:16,1
DA:17,1
DA:18,1
DA:19,1
DA:20,1
DA:21,1
DA:22,1
DA:23,1
DA:24,1
DA:25,1
DA:26,1
DA:27,3
DA:28,3
DA:29,3
DA:30,3
DA:31,3
DA:32,3
DA:33,3
DA:34,3
DA:35,3
DA:36,1
DA:37,1
DA:38,3
DA:39,3
DA:40,3
DA:41,3
DA:42,3
DA:43,3
DA:44,1
DA:45,1
DA:46,2
DA:47,2
DA:48,2
DA:49,2
DA:50,2
DA:51,3
DA:52,3
DA:53,1
DA:54,1
DA:55,1
DA:56,1
DA:57,1
DA:58,1
DA:59,1
DA:60,1
DA:61,1
DA:62,1
DA:63,1
DA:64,1
DA:65,1
DA:66,3
DA:67,1
DA:68,1
DA:69,1
LF:69
LH:69
BRDA:69,0,0,1
BRDA:69,1,0,1
BRDA:69,2,0,0
BRDA:69,3,0,0
BRDA:69,4,0,0
BRDA:69,5,0,0
BRDA:69,6,0,1
BRDA:69,7,0,2
BRDA:69,8,0,2
BRDA:69,9,0,3
BRDA:69,10,0,5
BRDA:69,11,0,0
BRDA:69,12,0,3
BRDA:69,13,0,5
BRDA:69,14,0,2
BRDA:69,15,0,6
BRDA:69,16,0,1
BRDA:69,17,0,5
BRDA:69,18,0,3
BRDA:69,19,0,5
BRDA:69,20,0,0
BRDA:69,21,0,9
BRDA:69,22,0,8
BRDA:69,23,0,8
BRDA:69,24,0,0
BRDA:69,25,0,16
BRDA:69,26,0,0
BRDA:69,27,0,0
BRDA:69,28,0,0
BRDA:69,29,0,0
BRDA:69,30,0,8
BRDA:69,31,0,8
BRDA:69,32,0,5
BRDA:69,33,0,0
BRDA:69,34,0,0
BRDA:69,35,0,3
BRDA:69,36,0,0
BRDA:69,37,0,1
BRDA:69,38,0,0
BRDA:69,39,0,0
BRDA:69,40,0,0
BRDA:69,41,0,0
BRDA:69,42,0,8
BRDA:69,43,0,2
BRDA:69,44,0,8
BRDA:69,45,0,3
BRDA:69,46,0,2
BRDA:69,47,0,1
BRDA:69,48,0,0
BRDA:69,49,0,2
BRDA:69,50,0,0
BRDA:21,51,0,1
BRDA:26,52,0,3
BRDA:37,53,0,3
BRDA:69,54,0,3
BRDA:69,55,0,8
BRDA:41,56,0,3
BRDA:69,57,0,3
BRDA:43,58,0,1
BRDA:45,59,0,2
BRDA:69,60,0,2
BRDA:52,61,0,1
BRF:62
BRH:42
end_of_record
TN:
SF:src/modules/user/services/CreateUserService.ts
FN:49,__decorate
FN:49,__metadata
FN:49,__param
FN:49,__awaiter
FN:49,adopt
FN:49,fulfilled
FN:49,rejected
FN:49,step
FN:49,__generator
FN:49,sent
FN:49,g.<computed>
FN:49,verb
FN:49,step
FN:49,__importDefault
FN:19,CreateUserService
FN:30,CreateUserService.execute
FNF:16
FNH:14
FNDA:2,__decorate
FNDA:2,__metadata
FNDA:4,__param
FNDA:5,__awaiter
FNDA:13,adopt
FNDA:13,fulfilled
FNDA:0,rejected
FNDA:17,step
FNDA:5,__generator
FNDA:13,sent
FNDA:0,g.<computed>
FNDA:15,verb
FNDA:18,step
FNDA:2,__importDefault
FNDA:4,CreateUserService
FNDA:5,CreateUserService.execute
DA:1,1
DA:2,1
DA:3,1
DA:4,1
DA:5,1
DA:6,1
DA:7,1
DA:8,1
DA:9,1
DA:10,1
DA:11,1
DA:12,1
DA:13,1
DA:14,2
DA:15,2
DA:16,2
DA:17,2
DA:18,2
DA:19,2
DA:20,4
DA:21,4
DA:22,4
DA:23,4
DA:24,4
DA:25,4
DA:26,4
DA:27,4
DA:28,4
DA:29,2
DA:30,2
DA:31,5
DA:32,5
DA:33,5
DA:34,1
DA:35,1
DA:36,4
DA:37,4
DA:38,5
DA:39,5
DA:40,5
DA:41,5
DA:42,5
DA:43,5
DA:44,5
DA:45,5
DA:46,5
DA:47,2
DA:48,1
DA:49,1
LF:49
LH:49
BRDA:49,0,0,2
BRDA:49,1,0,2
BRDA:49,2,0,0
BRDA:49,3,0,0
BRDA:49,4,0,0
BRDA:49,5,0,0
BRDA:49,6,0,2
BRDA:49,7,0,4
BRDA:49,8,0,4
BRDA:49,9,0,5
BRDA:49,10,0,13
BRDA:49,11,0,0
BRDA:49,12,0,5
BRDA:49,13,0,13
BRDA:49,14,0,1
BRDA:49,15,0,17
BRDA:49,16,0,4
BRDA:49,17,0,13
BRDA:49,18,0,5
BRDA:49,19,0,13
BRDA:49,20,0,0
BRDA:49,21,0,15
BRDA:49,22,0,18
BRDA:49,23,0,18
BRDA:49,24,0,0
BRDA:49,25,0,36
BRDA:49,26,0,0
BRDA:49,27,0,0
BRDA:49,28,0,0
BRDA:49,29,0,0
BRDA:49,30,0,18
BRDA:49,31,0,18
BRDA:49,32,0,13
BRDA:49,33,0,0
BRDA:49,34,0,0
BRDA:49,35,0,5
BRDA:49,36,0,0
BRDA:49,37,0,4
BRDA:49,38,0,0
BRDA:49,39,0,0
BRDA:49,40,0,0
BRDA:49,41,0,0
BRDA:49,42,0,18
BRDA:49,43,0,1
BRDA:49,44,0,18
BRDA:49,45,0,5
BRDA:49,46,0,1
BRDA:49,47,0,4
BRDA:49,48,0,0
BRDA:49,49,0,2
BRDA:49,50,0,0
BRDA:14,51,0,2
BRDA:19,52,0,4
BRDA:30,53,0,5
BRDA:49,54,0,5
BRDA:49,55,0,18
BRDA:31,56,0,5
BRDA:49,57,0,5
BRDA:33,58,0,1
BRDA:35,59,0,4
BRDA:49,60,0,4
BRDA:49,61,0,4
BRF:62
BRH:42
end_of_record
TN:
SF:src/modules/user/services/SendForgotPasswordEmailService.ts
FN:39,__decorate
FN:39,__metadata
FN:39,__param
FN:39,__awaiter
FN:39,adopt
FN:39,fulfilled
FN:39,rejected
FN:39,step
FN:39,__generator
FN:39,sent
FN:39,g.<computed>
FN:39,verb
FN:39,step
FN:39,__importDefault
FN:18,SendForgotPasswordEmailService
FN:29,SendForgotPasswordEmailService.execute
FNF:16
FNH:14
FNDA:1,__decorate
FNDA:1,__metadata
FNDA:2,__param
FNDA:2,__awaiter
FNDA:2,adopt
FNDA:2,fulfilled
FNDA:0,rejected
FNDA:3,step
FNDA:2,__generator
FNDA:2,sent
FNDA:0,g.<computed>
FNDA:6,verb
FNDA:4,step
FNDA:1,__importDefault
FNDA:2,SendForgotPasswordEmailService
FNDA:2,SendForgotPasswordEmailService.execute
DA:1,1
DA:2,1
DA:3,1
DA:4,1
DA:5,1
DA:6,1
DA:7,1
DA:8,1
DA:9,1
DA:10,1
DA:11,1
DA:12,1
DA:13,1
DA:14,1
DA:15,1
DA:16,1
DA:17,1
DA:18,1
DA:19,2
DA:20,2
DA:21,2
DA:22,2
DA:23,2
DA:24,2
DA:25,2
DA:26,2
DA:27,2
DA:28,1
DA:29,1
DA:30,2
DA:31,2
DA:32,2
DA:33,2
DA:34,2
DA:35,2
DA:36,2
DA:37,1
DA:38,1
DA:39,1
LF:39
LH:39
BRDA:39,0,0,1
BRDA:39,1,0,1
BRDA:39,2,0,0
BRDA:39,3,0,0
BRDA:39,4,0,0
BRDA:39,5,0,0
BRDA:39,6,0,1
BRDA:39,7,0,2
BRDA:39,8,0,2
BRDA:39,9,0,2
BRDA:39,10,0,2
BRDA:39,11,0,0
BRDA:39,12,0,2
BRDA:39,13,0,2
BRDA:39,14,0,1
BRDA:39,15,0,3
BRDA:39,16,0,1
BRDA:39,17,0,2
BRDA:39,18,0,2
BRDA:39,19,0,2
BRDA:39,20,0,0
BRDA:39,21,0,6
BRDA:39,22,0,4
BRDA:39,23,0,4
BRDA:39,24,0,0
BRDA:39,25,0,8
BRDA:39,26,0,0
BRDA:39,27,0,0
BRDA:39,28,0,0
BRDA:39,29,0,0
BRDA:39,30,0,4
BRDA:39,31,0,4
BRDA:39,32,0,2
BRDA:39,33,0,0
BRDA:39,34,0,0
BRDA:39,35,0,2
BRDA:39,36,0,0
BRDA:39,37,0,1
BRDA:39,38,0,0
BRDA:39,39,0,0
BRDA:39,40,0,0
BRDA:39,41,0,0
BRDA:39,42,0,4
BRDA:39,43,0,1
BRDA:39,44,0,4
BRDA:39,45,0,2
BRDA:39,46,0,1
BRDA:39,47,0,0
BRDA:39,48,0,1
BRDA:39,49,0,0
BRDA:13,50,0,1
BRDA:18,51,0,2
BRDA:29,52,0,2
BRDA:39,53,0,2
BRDA:39,54,0,4
BRDA:30,55,0,2
BRDA:39,56,0,2
BRDA:39,57,0,1
BRF:58
BRH:38
end_of_record
TN:
SF:src/modules/user/services/UpdateUserAvatarService.ts
FN:52,__decorate
FN:52,__metadata
FN:52,__param
FN:52,__awaiter
FN:52,adopt
FN:52,fulfilled
FN:52,rejected
FN:52,step
FN:52,__generator
FN:52,sent
FN:52,g.<computed>
FN:52,verb
FN:52,step
FN:52,__importDefault
FN:19,UpdateUserAvatarService
FN:30,UpdateUserAvatarService.execute
FNF:16
FNH:14
FNDA:1,__decorate
FNDA:1,__metadata
FNDA:2,__param
FNDA:4,__awaiter
FNDA:11,adopt
FNDA:11,fulfilled
FNDA:0,rejected
FNDA:14,step
FNDA:4,__generator
FNDA:11,sent
FNDA:0,g.<computed>
FNDA:12,verb
FNDA:15,step
FNDA:1,__importDefault
FNDA:3,UpdateUserAvatarService
FNDA:4,UpdateUserAvatarService.execute
DA:1,1
DA:2,1
DA:3,1
DA:4,1
DA:5,1
DA:6,1
DA:7,1
DA:8,1
DA:9,1
DA:10,1
DA:11,1
DA:12,1
DA:13,1
DA:14,1
DA:15,1
DA:16,1
DA:17,1
DA:18,1
DA:19,1
DA:20,3
DA:21,3
DA:22,3
DA:23,3
DA:24,3
DA:25,3
DA:26,3
DA:27,3
DA:28,3
DA:29,1
DA:30,1
DA:31,4
DA:32,4
DA:33,4
DA:34,4
DA:35,4
DA:36,4
DA:37,1
DA:38,1
DA:39,3
DA:40,3
DA:41,1
DA:42,4
DA:43,4
DA:44,4
DA:45,4
DA:46,4
DA:47,4
DA:48,4
DA:49,4
DA:50,1
DA:51,1
DA:52,1
LF:52
LH:52
BRDA:52,0,0,1
BRDA:52,1,0,1
BRDA:52,2,0,0
BRDA:52,3,0,0
BRDA:52,4,0,0
BRDA:52,5,0,0
BRDA:52,6,0,1
BRDA:52,7,0,2
BRDA:52,8,0,2
BRDA:52,9,0,4
BRDA:52,10,0,11
BRDA:52,11,0,0
BRDA:52,12,0,4
BRDA:52,13,0,11
BRDA:52,14,0,1
BRDA:52,15,0,14
BRDA:52,16,0,3
BRDA:52,17,0,11
BRDA:52,18,0,4
BRDA:52,19,0,11
BRDA:52,20,0,0
BRDA:52,21,0,12
BRDA:52,22,0,15
BRDA:52,23,0,15
BRDA:52,24,0,0
BRDA:52,25,0,32
BRDA:52,26,0,0
BRDA:52,27,0,0
BRDA:52,28,0,0
BRDA:52,29,0,0
BRDA:52,30,0,15
BRDA:52,31,0,15
BRDA:52,32,0,11
BRDA:52,33,0,0
BRDA:52,34,0,0
BRDA:52,35,0,6
BRDA:52,36,0,0
BRDA:52,37,0,5
BRDA:52,38,0,4
BRDA:52,39,0,2
BRDA:52,40,0,0
BRDA:52,41,0,2
BRDA:52,42,0,0
BRDA:52,43,0,0
BRDA:52,44,0,0
BRDA:52,45,0,17
BRDA:52,46,0,1
BRDA:52,47,0,17
BRDA:52,48,0,4
BRDA:52,49,0,1
BRDA:52,50,0,3
BRDA:52,51,0,0
BRDA:52,52,0,1
BRDA:52,53,0,0
BRDA:14,54,0,1
BRDA:19,55,0,3
BRDA:30,56,0,4
BRDA:52,57,0,4
BRDA:52,58,0,17
BRDA:34,59,0,4
BRDA:52,60,0,4
BRDA:36,61,0,1
BRDA:38,62,0,3
BRDA:40,63,0,2
BRDA:40,64,0,1
BRDA:52,65,0,1
BRDA:44,66,0,3
BRDA:52,67,0,3
BRDA:52,68,0,3
BRF:69
BRH:49
end_of_record
